  Tree.cpp
  TextMesh.cpp
  Snowing.cpp
d:\visual studio 2017\projects\graphics for games module\graphics for games\graphics coursework\snowing.cpp(240): warning C4244: 'argument': conversion from 'int' to 'const float', possible loss of data
  Renderer.cpp
d:\visual studio 2017\projects\graphics for games module\graphics for games\graphics coursework\renderer.cpp(181): warning C4244: 'argument': conversion from 'double' to 'float', possible loss of data
d:\visual studio 2017\projects\graphics for games module\graphics for games\graphics coursework\renderer.cpp(188): warning C4244: 'argument': conversion from 'double' to 'float', possible loss of data
d:\visual studio 2017\projects\graphics for games module\graphics for games\graphics coursework\renderer.cpp(195): warning C4244: 'argument': conversion from 'double' to 'float', possible loss of data
d:\visual studio 2017\projects\graphics for games module\graphics for games\graphics coursework\renderer.cpp(569): warning C4244: 'initializing': conversion from 'int' to 'float', possible loss of data
d:\visual studio 2017\projects\graphics for games module\graphics for games\graphics coursework\renderer.cpp(601): warning C4244: 'argument': conversion from 'double' to 'const float', possible loss of data
d:\visual studio 2017\projects\graphics for games module\graphics for games\graphics coursework\renderer.cpp(622): warning C4244: 'argument': conversion from 'double' to 'const float', possible loss of data
d:\visual studio 2017\projects\graphics for games module\graphics for games\graphics coursework\renderer.cpp(828): warning C4244: 'initializing': conversion from 'int' to 'float', possible loss of data
d:\visual studio 2017\projects\graphics for games module\graphics for games\graphics coursework\renderer.cpp(1174): warning C4244: 'initializing': conversion from 'int' to 'float', possible loss of data
d:\visual studio 2017\projects\graphics for games module\graphics for games\graphics coursework\renderer.cpp(1284): warning C4244: 'argument': conversion from 'float' to 'int', possible loss of data
  ParticleEmitter.cpp
  CubeRobot.cpp
d:\visual studio 2017\projects\graphics for games module\graphics for games\graphics coursework\cuberobot.cpp(29): warning C4305: 'argument': truncation from 'double' to 'float'
  CourseWork.cpp
  Generating Code...
ParticleEmitter.obj : warning LNK4049: locally defined symbol ___glewActiveTexture imported
Renderer.obj : warning LNK4049: locally defined symbol ___glewActiveTexture imported
Snowing.obj : warning LNK4049: locally defined symbol ___glewActiveTexture imported
ParticleEmitter.obj : warning LNK4049: locally defined symbol ___glewBindBuffer imported
Snowing.obj : warning LNK4049: locally defined symbol ___glewBindBuffer imported
ParticleEmitter.obj : warning LNK4049: locally defined symbol ___glewBufferData imported
Snowing.obj : warning LNK4049: locally defined symbol ___glewBufferData imported
ParticleEmitter.obj : warning LNK4049: locally defined symbol ___glewBufferSubData imported
Snowing.obj : warning LNK4217: locally defined symbol ___glewBufferSubData imported in function "void __cdecl std::_Deallocate(void *,unsigned int,unsigned int)" (?_Deallocate@std@@YAXPAXII@Z)
ParticleEmitter.obj : warning LNK4049: locally defined symbol ___glewDeleteBuffers imported
Snowing.obj : warning LNK4049: locally defined symbol ___glewDeleteBuffers imported
ParticleEmitter.obj : warning LNK4049: locally defined symbol ___glewGenBuffers imported
Snowing.obj : warning LNK4049: locally defined symbol ___glewGenBuffers imported
ParticleEmitter.obj : warning LNK4049: locally defined symbol ___glewEnableVertexAttribArray imported
Snowing.obj : warning LNK4049: locally defined symbol ___glewEnableVertexAttribArray imported
ParticleEmitter.obj : warning LNK4049: locally defined symbol ___glewVertexAttribPointer imported
Snowing.obj : warning LNK4217: locally defined symbol ___glewVertexAttribPointer imported in function "void __cdecl std::_Deallocate(void *,unsigned int,unsigned int)" (?_Deallocate@std@@YAXPAXII@Z)
ParticleEmitter.obj : warning LNK4049: locally defined symbol ___glewBindVertexArray imported
Snowing.obj : warning LNK4049: locally defined symbol ___glewBindVertexArray imported
Renderer.obj : warning LNK4049: locally defined symbol ___glewGetUniformLocation imported
Renderer.obj : warning LNK4049: locally defined symbol ___glewUniform1f imported
Renderer.obj : warning LNK4049: locally defined symbol ___glewUniform1i imported
Renderer.obj : warning LNK4049: locally defined symbol ___glewUniform3fv imported
Renderer.obj : warning LNK4049: locally defined symbol ___glewUniform4fv imported
Renderer.obj : warning LNK4049: locally defined symbol ___glewUniformMatrix4fv imported
Renderer.obj : warning LNK4049: locally defined symbol ___glewUseProgram imported
Renderer.obj : warning LNK4049: locally defined symbol ___glewBindFramebuffer imported
Renderer.obj : warning LNK4049: locally defined symbol ___glewDeleteFramebuffers imported
Renderer.obj : warning LNK4049: locally defined symbol ___glewFramebufferTexture2D imported
Renderer.obj : warning LNK4049: locally defined symbol ___glewGenFramebuffers imported
Renderer.obj : warning LNK4049: locally defined symbol ___glewGenerateMipmap imported
glew32.lib(glew.obj) : warning LNK4099: PDB 'vc120.pdb' was not found with 'glew32.lib(glew.obj)' or at 'D:\Visual Studio 2017\Projects\Graphics For Games Module\Graphics For Games\Debug\vc120.pdb'; linking object as if no debug info
  GraphicsCoursework.vcxproj -> D:\Visual Studio 2017\Projects\Graphics For Games Module\Graphics For Games\Debug\GraphicsCoursework.exe
  GraphicsCoursework.vcxproj -> D:\Visual Studio 2017\Projects\Graphics For Games Module\Graphics For Games\Debug\GraphicsCoursework.pdb (Partial PDB)
